# JRE version: OpenJDK Runtime Environment (17.0.11) (build 17.0.11+0--11852314)
# Java VM: OpenJDK 64-Bit Server VM (17.0.11+0--11852314, mixed mode, tiered, compressed oops, compressed class ptrs, g1 gc, windows-amd64)
GC Precious Log:
 CPUs: 12 total, 12 available
 Memory: 5989M
 Large Page Support: Disabled
 NUMA Support: Disabled
 Compressed Oops: Enabled (32-bit)
 Heap Region Size: 1M
 Heap Min Capacity: 8M
 Heap Initial Capacity: 94M
 Heap Max Capacity: 2G
 Pre-touch: Disabled
 Parallel Workers: 10
 Concurrent Workers: 3
 Concurrent Refinement Workers: 10
 Periodic GC: Disabled
Heap:
 garbage-first heap   total 268288K, used 194670K [0x0000000080000000, 0x0000000100000000)
  region size 1024K, 39 young (39936K), 4 survivors (4096K)
 Metaspace       used 112672K, committed 113472K, reserved 1179648K
  class space    used 15172K, committed 15552K, reserved 1048576K
GC Heap History (20 events):
Event: 13.078 GC heap before
{Heap before GC invocations=26 (full 0):
 garbage-first heap   total 172032K, used 142074K [0x0000000080000000, 0x0000000100000000)
  region size 1024K, 54 young (55296K), 1 survivors (1024K)
 Metaspace       used 90673K, committed 91456K, reserved 1179648K
  class space    used 12480K, committed 12864K, reserved 1048576K
}
Event: 13.082 GC heap after
{Heap after GC invocations=27 (full 0):
 garbage-first heap   total 172032K, used 89499K [0x0000000080000000, 0x0000000100000000)
  region size 1024K, 3 young (3072K), 3 survivors (3072K)
 Metaspace       used 90673K, committed 91456K, reserved 1179648K
  class space    used 12480K, committed 12864K, reserved 1048576K
}
Event: 13.887 GC heap before
{Heap before GC invocations=28 (full 0):
 garbage-first heap   total 172032K, used 142747K [0x0000000080000000, 0x0000000100000000)
  region size 1024K, 55 young (56320K), 3 survivors (3072K)
 Metaspace       used 94384K, committed 95040K, reserved 1179648K
  class space    used 13028K, committed 13376K, reserved 1048576K
}
Event: 13.893 GC heap after
{Heap after GC invocations=29 (full 0):
 garbage-first heap   total 172032K, used 92420K [0x0000000080000000, 0x0000000100000000)
  region size 1024K, 6 young (6144K), 6 survivors (6144K)
 Metaspace       used 94384K, committed 95040K, reserved 1179648K
  class space    used 13028K, committed 13376K, reserved 1048576K
}
Event: 13.916 GC heap before
{Heap before GC invocations=29 (full 0):
 garbage-first heap   total 172032K, used 94468K [0x0000000080000000, 0x0000000100000000)
  region size 1024K, 8 young (8192K), 6 survivors (6144K)
 Metaspace       used 94463K, committed 95104K, reserved 1179648K
  class space    used 13040K, committed 13376K, reserved 1048576K
}
Event: 13.921 GC heap after
{Heap after GC invocations=30 (full 0):
 garbage-first heap   total 172032K, used 92194K [0x0000000080000000, 0x0000000100000000)
  region size 1024K, 1 young (1024K), 1 survivors (1024K)
 Metaspace       used 94463K, committed 95104K, reserved 1179648K
  class space    used 13040K, committed 13376K, reserved 1048576K
}
Event: 14.601 GC heap before
{Heap before GC invocations=30 (full 0):
 garbage-first heap   total 172032K, used 144418K [0x0000000080000000, 0x0000000100000000)
  region size 1024K, 52 young (53248K), 1 survivors (1024K)
 Metaspace       used 99460K, committed 100224K, reserved 1179648K
  class space    used 13752K, committed 14144K, reserved 1048576K
}
Event: 14.605 GC heap after
{Heap after GC invocations=31 (full 0):
 garbage-first heap   total 268288K, used 93716K [0x0000000080000000, 0x0000000100000000)
  region size 1024K, 3 young (3072K), 3 survivors (3072K)
 Metaspace       used 99460K, committed 100224K, reserved 1179648K
  class space    used 13752K, committed 14144K, reserved 1048576K
}
Event: 15.770 GC heap before
{Heap before GC invocations=31 (full 0):
 garbage-first heap   total 268288K, used 219668K [0x0000000080000000, 0x0000000100000000)
  region size 1024K, 122 young (124928K), 3 survivors (3072K)
 Metaspace       used 105043K, committed 105792K, reserved 1179648K
  class space    used 14405K, committed 14784K, reserved 1048576K
}
Event: 15.782 GC heap after
{Heap after GC invocations=32 (full 0):
 garbage-first heap   total 268288K, used 104986K [0x0000000080000000, 0x0000000100000000)
  region size 1024K, 14 young (14336K), 14 survivors (14336K)
 Metaspace       used 105043K, committed 105792K, reserved 1179648K
  class space    used 14405K, committed 14784K, reserved 1048576K
}
Event: 17.643 GC heap before
{Heap before GC invocations=32 (full 0):
 garbage-first heap   total 268288K, used 205338K [0x0000000080000000, 0x0000000100000000)
  region size 1024K, 113 young (115712K), 14 survivors (14336K)
 Metaspace       used 107607K, committed 108352K, reserved 1179648K
  class space    used 14675K, committed 15040K, reserved 1048576K
}
Event: 17.671 GC heap after
{Heap after GC invocations=33 (full 0):
 garbage-first heap   total 268288K, used 117946K [0x0000000080000000, 0x0000000100000000)
  region size 1024K, 15 young (15360K), 15 survivors (15360K)
 Metaspace       used 107607K, committed 108352K, reserved 1179648K
  class space    used 14675K, committed 15040K, reserved 1048576K
}
Event: 18.683 GC heap before
{Heap before GC invocations=33 (full 0):
 garbage-first heap   total 268288K, used 223418K [0x0000000080000000, 0x0000000100000000)
  region size 1024K, 102 young (104448K), 15 survivors (15360K)
 Metaspace       used 108373K, committed 109184K, reserved 1179648K
  class space    used 14740K, committed 15104K, reserved 1048576K
}
Event: 18.710 GC heap after
{Heap after GC invocations=34 (full 0):
 garbage-first heap   total 268288K, used 147314K [0x0000000080000000, 0x0000000100000000)
  region size 1024K, 13 young (13312K), 13 survivors (13312K)
 Metaspace       used 108373K, committed 109184K, reserved 1179648K
  class space    used 14740K, committed 15104K, reserved 1048576K
}
Event: 18.755 GC heap before
{Heap before GC invocations=34 (full 0):
 garbage-first heap   total 268288K, used 172914K [0x0000000080000000, 0x0000000100000000)
  region size 1024K, 17 young (17408K), 13 survivors (13312K)
 Metaspace       used 108373K, committed 109184K, reserved 1179648K
  class space    used 14740K, committed 15104K, reserved 1048576K
}
Event: 18.766 GC heap after
{Heap after GC invocations=35 (full 0):
 garbage-first heap   total 268288K, used 156494K [0x0000000080000000, 0x0000000100000000)
  region size 1024K, 2 young (2048K), 2 survivors (2048K)
 Metaspace       used 108373K, committed 109184K, reserved 1179648K
  class space    used 14740K, committed 15104K, reserved 1048576K
}
Event: 19.020 GC heap before
{Heap before GC invocations=35 (full 0):
 garbage-first heap   total 268288K, used 218958K [0x0000000080000000, 0x0000000100000000)
  region size 1024K, 59 young (60416K), 2 survivors (2048K)
 Metaspace       used 110659K, committed 111424K, reserved 1179648K
  class space    used 14961K, committed 15360K, reserved 1048576K
}
Event: 19.027 GC heap after
{Heap after GC invocations=36 (full 0):
 garbage-first heap   total 268288K, used 159596K [0x0000000080000000, 0x0000000100000000)
  region size 1024K, 8 young (8192K), 8 survivors (8192K)
 Metaspace       used 110659K, committed 111424K, reserved 1179648K
  class space    used 14961K, committed 15360K, reserved 1048576K
}
Event: 19.183 GC heap before
{Heap before GC invocations=36 (full 0):
 garbage-first heap   total 268288K, used 214892K [0x0000000080000000, 0x0000000100000000)
  region size 1024K, 63 young (64512K), 8 survivors (8192K)
 Metaspace       used 112066K, committed 112832K, reserved 1179648K
  class space    used 15115K, committed 15488K, reserved 1048576K
}
Event: 19.190 GC heap after
{Heap after GC invocations=37 (full 0):
 garbage-first heap   total 268288K, used 162926K [0x0000000080000000, 0x0000000100000000)
  region size 1024K, 4 young (4096K), 4 survivors (4096K)
 Metaspace       used 112066K, committed 112832K, reserved 1179648K
  class space    used 15115K, committed 15488K, reserved 1048576K
}

