# JRE version: OpenJDK Runtime Environment (17.0.11) (build 17.0.11+0--11852314)
# Java VM: OpenJDK 64-Bit Server VM (17.0.11+0--11852314, mixed mode, tiered, compressed oops, compressed class ptrs, g1 gc, windows-amd64)
GC Precious Log:
 CPUs: 12 total, 12 available
 Memory: 5989M
 Large Page Support: Disabled
 NUMA Support: Disabled
 Compressed Oops: Enabled (32-bit)
 Heap Region Size: 1M
 Heap Min Capacity: 8M
 Heap Initial Capacity: 94M
 Heap Max Capacity: 2G
 Pre-touch: Disabled
 Parallel Workers: 10
 Concurrent Workers: 3
 Concurrent Refinement Workers: 10
 Periodic GC: Disabled
Heap:
 garbage-first heap   total 196608K, used 136679K [0x0000000080000000, 0x0000000100000000)
  region size 1024K, 6 young (6144K), 6 survivors (6144K)
 Metaspace       used 107530K, committed 108288K, reserved 1179648K
  class space    used 14680K, committed 15040K, reserved 1048576K
GC Heap History (20 events):
Event: 10.859 GC heap after
{Heap after GC invocations=39 (full 0):
 garbage-first heap   total 156672K, used 89504K [0x0000000080000000, 0x0000000100000000)
  region size 1024K, 5 young (5120K), 5 survivors (5120K)
 Metaspace       used 90792K, committed 91456K, reserved 1179648K
  class space    used 12490K, committed 12800K, reserved 1048576K
}
Event: 11.330 GC heap before
{Heap before GC invocations=39 (full 0):
 garbage-first heap   total 156672K, used 130464K [0x0000000080000000, 0x0000000100000000)
  region size 1024K, 45 young (46080K), 5 survivors (5120K)
 Metaspace       used 93773K, committed 94464K, reserved 1179648K
  class space    used 12913K, committed 13248K, reserved 1048576K
}
Event: 11.337 GC heap after
{Heap after GC invocations=40 (full 0):
 garbage-first heap   total 156672K, used 91996K [0x0000000080000000, 0x0000000100000000)
  region size 1024K, 6 young (6144K), 6 survivors (6144K)
 Metaspace       used 93773K, committed 94464K, reserved 1179648K
  class space    used 12913K, committed 13248K, reserved 1048576K
}
Event: 11.745 GC heap before
{Heap before GC invocations=40 (full 0):
 garbage-first heap   total 156672K, used 130908K [0x0000000080000000, 0x0000000100000000)
  region size 1024K, 44 young (45056K), 6 survivors (6144K)
 Metaspace       used 96686K, committed 97344K, reserved 1179648K
  class space    used 13386K, committed 13696K, reserved 1048576K
}
Event: 11.751 GC heap after
{Heap after GC invocations=41 (full 0):
 garbage-first heap   total 196608K, used 93395K [0x0000000080000000, 0x0000000100000000)
  region size 1024K, 4 young (4096K), 4 survivors (4096K)
 Metaspace       used 96686K, committed 97344K, reserved 1179648K
  class space    used 13386K, committed 13696K, reserved 1048576K
}
Event: 12.409 GC heap before
{Heap before GC invocations=41 (full 0):
 garbage-first heap   total 196608K, used 162003K [0x0000000080000000, 0x0000000100000000)
  region size 1024K, 72 young (73728K), 4 survivors (4096K)
 Metaspace       used 102067K, committed 102784K, reserved 1179648K
  class space    used 14054K, committed 14400K, reserved 1048576K
}
Event: 12.419 GC heap after
{Heap after GC invocations=42 (full 0):
 garbage-first heap   total 196608K, used 98913K [0x0000000080000000, 0x0000000100000000)
  region size 1024K, 9 young (9216K), 9 survivors (9216K)
 Metaspace       used 102067K, committed 102784K, reserved 1179648K
  class space    used 14054K, committed 14400K, reserved 1048576K
}
Event: 12.591 GC heap before
{Heap before GC invocations=42 (full 0):
 garbage-first heap   total 196608K, used 123489K [0x0000000080000000, 0x0000000100000000)
  region size 1024K, 30 young (30720K), 9 survivors (9216K)
 Metaspace       used 104178K, committed 104896K, reserved 1179648K
  class space    used 14295K, committed 14656K, reserved 1048576K
}
Event: 12.601 GC heap after
{Heap after GC invocations=43 (full 0):
 garbage-first heap   total 196608K, used 101575K [0x0000000080000000, 0x0000000100000000)
  region size 1024K, 4 young (4096K), 4 survivors (4096K)
 Metaspace       used 104178K, committed 104896K, reserved 1179648K
  class space    used 14295K, committed 14656K, reserved 1048576K
}
Event: 12.942 GC heap before
{Heap before GC invocations=44 (full 0):
 garbage-first heap   total 196608K, used 149703K [0x0000000080000000, 0x0000000100000000)
  region size 1024K, 51 young (52224K), 4 survivors (4096K)
 Metaspace       used 105078K, committed 105856K, reserved 1179648K
  class space    used 14409K, committed 14784K, reserved 1048576K
}
Event: 12.949 GC heap after
{Heap after GC invocations=45 (full 0):
 garbage-first heap   total 196608K, used 106201K [0x0000000080000000, 0x0000000100000000)
  region size 1024K, 7 young (7168K), 7 survivors (7168K)
 Metaspace       used 105078K, committed 105856K, reserved 1179648K
  class space    used 14409K, committed 14784K, reserved 1048576K
}
Event: 12.954 GC heap before
{Heap before GC invocations=45 (full 0):
 garbage-first heap   total 196608K, used 108249K [0x0000000080000000, 0x0000000100000000)
  region size 1024K, 9 young (9216K), 7 survivors (7168K)
 Metaspace       used 105084K, committed 105856K, reserved 1179648K
  class space    used 14409K, committed 14784K, reserved 1048576K
}
Event: 12.959 GC heap after
{Heap after GC invocations=46 (full 0):
 garbage-first heap   total 196608K, used 106078K [0x0000000080000000, 0x0000000100000000)
  region size 1024K, 2 young (2048K), 2 survivors (2048K)
 Metaspace       used 105084K, committed 105856K, reserved 1179648K
  class space    used 14409K, committed 14784K, reserved 1048576K
}
Event: 13.153 GC heap before
{Heap before GC invocations=46 (full 0):
 garbage-first heap   total 196608K, used 151134K [0x0000000080000000, 0x0000000100000000)
  region size 1024K, 47 young (48128K), 2 survivors (2048K)
 Metaspace       used 105521K, committed 106240K, reserved 1179648K
  class space    used 14483K, committed 14848K, reserved 1048576K
}
Event: 13.156 GC heap after
{Heap after GC invocations=47 (full 0):
 garbage-first heap   total 196608K, used 108517K [0x0000000080000000, 0x0000000100000000)
  region size 1024K, 4 young (4096K), 4 survivors (4096K)
 Metaspace       used 105521K, committed 106240K, reserved 1179648K
  class space    used 14483K, committed 14848K, reserved 1048576K
}
Event: 14.237 GC heap before
{Heap before GC invocations=48 (full 0):
 garbage-first heap   total 196608K, used 153573K [0x0000000080000000, 0x0000000100000000)
  region size 1024K, 49 young (50176K), 4 survivors (4096K)
 Metaspace       used 107445K, committed 108224K, reserved 1179648K
  class space    used 14680K, committed 15040K, reserved 1048576K
}
Event: 14.245 GC heap after
{Heap after GC invocations=49 (full 0):
 garbage-first heap   total 196608K, used 115321K [0x0000000080000000, 0x0000000100000000)
  region size 1024K, 7 young (7168K), 7 survivors (7168K)
 Metaspace       used 107445K, committed 108224K, reserved 1179648K
  class space    used 14680K, committed 15040K, reserved 1048576K
}
Event: 14.267 GC heap before
{Heap before GC invocations=49 (full 0):
 garbage-first heap   total 196608K, used 117369K [0x0000000080000000, 0x0000000100000000)
  region size 1024K, 9 young (9216K), 7 survivors (7168K)
 Metaspace       used 107449K, committed 108224K, reserved 1179648K
  class space    used 14680K, committed 15040K, reserved 1048576K
}
Event: 14.271 GC heap after
{Heap after GC invocations=50 (full 0):
 garbage-first heap   total 196608K, used 114922K [0x0000000080000000, 0x0000000100000000)
  region size 1024K, 2 young (2048K), 2 survivors (2048K)
 Metaspace       used 107449K, committed 108224K, reserved 1179648K
  class space    used 14680K, committed 15040K, reserved 1048576K
}
Event: 14.592 GC heap before
{Heap before GC invocations=50 (full 0):
 garbage-first heap   total 196608K, used 164074K [0x0000000080000000, 0x0000000100000000)
  region size 1024K, 42 young (43008K), 2 survivors (2048K)
 Metaspace       used 107530K, committed 108288K, reserved 1179648K
  class space    used 14680K, committed 15040K, reserved 1048576K
}

