# JRE version: OpenJDK Runtime Environment (17.0.11) (build 17.0.11+0--11852314)
# Java VM: OpenJDK 64-Bit Server VM (17.0.11+0--11852314, mixed mode, tiered, compressed oops, compressed class ptrs, g1 gc, windows-amd64)
GC Precious Log:
 CPUs: 12 total, 12 available
 Memory: 5989M
 Large Page Support: Disabled
 NUMA Support: Disabled
 Compressed Oops: Enabled (32-bit)
 Heap Region Size: 1M
 Heap Min Capacity: 8M
 Heap Initial Capacity: 94M
 Heap Max Capacity: 2G
 Pre-touch: Disabled
 Parallel Workers: 10
 Concurrent Workers: 3
 Concurrent Refinement Workers: 10
 Periodic GC: Disabled
Heap:
 garbage-first heap   total 268288K, used 162553K [0x0000000080000000, 0x0000000100000000)
  region size 1024K, 3 young (3072K), 3 survivors (3072K)
 Metaspace       used 113039K, committed 113856K, reserved 1179648K
  class space    used 15249K, committed 15616K, reserved 1048576K
GC Heap History (20 events):
Event: 9.365 GC heap after
{Heap after GC invocations=31 (full 0):
 garbage-first heap   total 260096K, used 82665K [0x0000000080000000, 0x0000000100000000)
  region size 1024K, 8 young (8192K), 8 survivors (8192K)
 Metaspace       used 79892K, committed 80512K, reserved 1179648K
  class space    used 10777K, committed 11072K, reserved 1048576K
}
Event: 9.426 GC heap before
{Heap before GC invocations=31 (full 0):
 garbage-first heap   total 260096K, used 85737K [0x0000000080000000, 0x0000000100000000)
  region size 1024K, 12 young (12288K), 8 survivors (8192K)
 Metaspace       used 80185K, committed 80768K, reserved 1179648K
  class space    used 10814K, committed 11072K, reserved 1048576K
}
Event: 9.431 GC heap after
{Heap after GC invocations=32 (full 0):
 garbage-first heap   total 260096K, used 83192K [0x0000000080000000, 0x0000000100000000)
  region size 1024K, 1 young (1024K), 1 survivors (1024K)
 Metaspace       used 80185K, committed 80768K, reserved 1179648K
  class space    used 10814K, committed 11072K, reserved 1048576K
}
Event: 11.595 GC heap before
{Heap before GC invocations=32 (full 0):
 garbage-first heap   total 260096K, used 194808K [0x0000000080000000, 0x0000000100000000)
  region size 1024K, 109 young (111616K), 1 survivors (1024K)
 Metaspace       used 86056K, committed 86720K, reserved 1179648K
  class space    used 11603K, committed 11904K, reserved 1048576K
}
Event: 11.602 GC heap after
{Heap after GC invocations=33 (full 0):
 garbage-first heap   total 260096K, used 88992K [0x0000000080000000, 0x0000000100000000)
  region size 1024K, 7 young (7168K), 7 survivors (7168K)
 Metaspace       used 86056K, committed 86720K, reserved 1179648K
  class space    used 11603K, committed 11904K, reserved 1048576K
}
Event: 12.990 GC heap before
{Heap before GC invocations=33 (full 0):
 garbage-first heap   total 260096K, used 198560K [0x0000000080000000, 0x0000000100000000)
  region size 1024K, 114 young (116736K), 7 survivors (7168K)
 Metaspace       used 93973K, committed 94720K, reserved 1179648K
  class space    used 12932K, committed 13312K, reserved 1048576K
}
Event: 13.000 GC heap after
{Heap after GC invocations=34 (full 0):
 garbage-first heap   total 260096K, used 94169K [0x0000000080000000, 0x0000000100000000)
  region size 1024K, 12 young (12288K), 12 survivors (12288K)
 Metaspace       used 93973K, committed 94720K, reserved 1179648K
  class space    used 12932K, committed 13312K, reserved 1048576K
}
Event: 14.150 GC heap before
{Heap before GC invocations=34 (full 0):
 garbage-first heap   total 260096K, used 204761K [0x0000000080000000, 0x0000000100000000)
  region size 1024K, 121 young (123904K), 12 survivors (12288K)
 Metaspace       used 102230K, committed 102976K, reserved 1179648K
  class space    used 14061K, committed 14400K, reserved 1048576K
}
Event: 14.167 GC heap after
{Heap after GC invocations=35 (full 0):
 garbage-first heap   total 260096K, used 102911K [0x0000000080000000, 0x0000000100000000)
  region size 1024K, 14 young (14336K), 14 survivors (14336K)
 Metaspace       used 102230K, committed 102976K, reserved 1179648K
  class space    used 14061K, committed 14400K, reserved 1048576K
}
Event: 15.242 GC heap before
{Heap before GC invocations=35 (full 0):
 garbage-first heap   total 260096K, used 211455K [0x0000000080000000, 0x0000000100000000)
  region size 1024K, 116 young (118784K), 14 survivors (14336K)
 Metaspace       used 105839K, committed 106624K, reserved 1179648K
  class space    used 14548K, committed 14912K, reserved 1048576K
}
Event: 15.257 GC heap after
{Heap after GC invocations=36 (full 0):
 garbage-first heap   total 260096K, used 110051K [0x0000000080000000, 0x0000000100000000)
  region size 1024K, 8 young (8192K), 8 survivors (8192K)
 Metaspace       used 105839K, committed 106624K, reserved 1179648K
  class space    used 14548K, committed 14912K, reserved 1048576K
}
Event: 16.412 GC heap before
{Heap before GC invocations=36 (full 0):
 garbage-first heap   total 260096K, used 216547K [0x0000000080000000, 0x0000000100000000)
  region size 1024K, 104 young (106496K), 8 survivors (8192K)
 Metaspace       used 108680K, committed 109568K, reserved 1179648K
  class space    used 14858K, committed 15296K, reserved 1048576K
}
Event: 16.430 GC heap after
{Heap after GC invocations=37 (full 0):
 garbage-first heap   total 260096K, used 130762K [0x0000000080000000, 0x0000000100000000)
  region size 1024K, 13 young (13312K), 13 survivors (13312K)
 Metaspace       used 108680K, committed 109568K, reserved 1179648K
  class space    used 14858K, committed 15296K, reserved 1048576K
}
Event: 17.240 GC heap before
{Heap before GC invocations=37 (full 0):
 garbage-first heap   total 260096K, used 209610K [0x0000000080000000, 0x0000000100000000)
  region size 1024K, 82 young (83968K), 13 survivors (13312K)
 Metaspace       used 109331K, committed 110144K, reserved 1179648K
  class space    used 14907K, committed 15296K, reserved 1048576K
}
Event: 17.259 GC heap after
{Heap after GC invocations=38 (full 0):
 garbage-first heap   total 260096K, used 146334K [0x0000000080000000, 0x0000000100000000)
  region size 1024K, 11 young (11264K), 11 survivors (11264K)
 Metaspace       used 109331K, committed 110144K, reserved 1179648K
  class space    used 14907K, committed 15296K, reserved 1048576K
}
Event: 17.572 GC heap before
{Heap before GC invocations=38 (full 0):
 garbage-first heap   total 260096K, used 231326K [0x0000000080000000, 0x0000000100000000)
  region size 1024K, 67 young (68608K), 11 survivors (11264K)
 Metaspace       used 110409K, committed 111232K, reserved 1179648K
  class space    used 15015K, committed 15424K, reserved 1048576K
}
Event: 17.587 GC heap after
{Heap after GC invocations=39 (full 0):
 garbage-first heap   total 260096K, used 155871K [0x0000000080000000, 0x0000000100000000)
  region size 1024K, 9 young (9216K), 9 survivors (9216K)
 Metaspace       used 110409K, committed 111232K, reserved 1179648K
  class space    used 15015K, committed 15424K, reserved 1048576K
}
Event: 17.802 GC heap before
{Heap before GC invocations=39 (full 0):
 garbage-first heap   total 260096K, used 207071K [0x0000000080000000, 0x0000000100000000)
  region size 1024K, 60 young (61440K), 9 survivors (9216K)
 Metaspace       used 112773K, committed 113600K, reserved 1179648K
  class space    used 15238K, committed 15616K, reserved 1048576K
}
Event: 17.811 GC heap after
{Heap after GC invocations=40 (full 0):
 garbage-first heap   total 260096K, used 160778K [0x0000000080000000, 0x0000000100000000)
  region size 1024K, 6 young (6144K), 6 survivors (6144K)
 Metaspace       used 112773K, committed 113600K, reserved 1179648K
  class space    used 15238K, committed 15616K, reserved 1048576K
}
Event: 17.928 GC heap before
{Heap before GC invocations=40 (full 0):
 garbage-first heap   total 260096K, used 209930K [0x0000000080000000, 0x0000000100000000)
  region size 1024K, 55 young (56320K), 6 survivors (6144K)
 Metaspace       used 113039K, committed 113856K, reserved 1179648K
  class space    used 15249K, committed 15616K, reserved 1048576K
}

