# JRE version: OpenJDK Runtime Environment (17.0.11) (build 17.0.11+0--11852314)
# Java VM: OpenJDK 64-Bit Server VM (17.0.11+0--11852314, mixed mode, tiered, compressed oops, compressed class ptrs, g1 gc, windows-amd64)
GC Precious Log:
 CPUs: 12 total, 12 available
 Memory: 5989M
 Large Page Support: Disabled
 NUMA Support: Disabled
 Compressed Oops: Enabled (32-bit)
 Heap Region Size: 1M
 Heap Min Capacity: 8M
 Heap Initial Capacity: 94M
 Heap Max Capacity: 2G
 Pre-touch: Disabled
 Parallel Workers: 10
 Concurrent Workers: 3
 Concurrent Refinement Workers: 10
 Periodic GC: Disabled
Heap:
 garbage-first heap   total 75776K, used 37374K [0x0000000080000000, 0x0000000100000000)
  region size 1024K, 18 young (18432K), 4 survivors (4096K)
 Metaspace       used 39418K, committed 39808K, reserved 1114112K
  class space    used 5264K, committed 5440K, reserved 1048576K
GC Heap History (14 events):
Event: 0.975 GC heap before
{Heap before GC invocations=0 (full 0):
 garbage-first heap   total 96256K, used 26624K [0x0000000080000000, 0x0000000100000000)
  region size 1024K, 23 young (23552K), 0 survivors (0K)
 Metaspace       used 10437K, committed 10624K, reserved 1114112K
  class space    used 1079K, committed 1152K, reserved 1048576K
}
Event: 0.985 GC heap after
{Heap after GC invocations=1 (full 0):
 garbage-first heap   total 96256K, used 10320K [0x0000000080000000, 0x0000000100000000)
  region size 1024K, 3 young (3072K), 3 survivors (3072K)
 Metaspace       used 10437K, committed 10624K, reserved 1114112K
  class space    used 1079K, committed 1152K, reserved 1048576K
}
Event: 1.595 GC heap before
{Heap before GC invocations=1 (full 0):
 garbage-first heap   total 96256K, used 37968K [0x0000000080000000, 0x0000000100000000)
  region size 1024K, 30 young (30720K), 3 survivors (3072K)
 Metaspace       used 11472K, committed 11648K, reserved 1114112K
  class space    used 1198K, committed 1280K, reserved 1048576K
}
Event: 1.601 GC heap after
{Heap after GC invocations=2 (full 0):
 garbage-first heap   total 96256K, used 11480K [0x0000000080000000, 0x0000000100000000)
  region size 1024K, 1 young (1024K), 1 survivors (1024K)
 Metaspace       used 11472K, committed 11648K, reserved 1114112K
  class space    used 1198K, committed 1280K, reserved 1048576K
}
Event: 2.890 GC heap before
{Heap before GC invocations=2 (full 0):
 garbage-first heap   total 96256K, used 58584K [0x0000000080000000, 0x0000000100000000)
  region size 1024K, 46 young (47104K), 1 survivors (1024K)
 Metaspace       used 20106K, committed 20352K, reserved 1114112K
  class space    used 2334K, committed 2496K, reserved 1048576K
}
Event: 2.898 GC heap after
{Heap after GC invocations=3 (full 0):
 garbage-first heap   total 96256K, used 18925K [0x0000000080000000, 0x0000000100000000)
  region size 1024K, 6 young (6144K), 6 survivors (6144K)
 Metaspace       used 20106K, committed 20352K, reserved 1114112K
  class space    used 2334K, committed 2496K, reserved 1048576K
}
Event: 2.985 GC heap before
{Heap before GC invocations=3 (full 0):
 garbage-first heap   total 96256K, used 24045K [0x0000000080000000, 0x0000000100000000)
  region size 1024K, 12 young (12288K), 6 survivors (6144K)
 Metaspace       used 21261K, committed 21504K, reserved 1114112K
  class space    used 2489K, committed 2624K, reserved 1048576K
}
Event: 2.990 GC heap after
{Heap after GC invocations=4 (full 0):
 garbage-first heap   total 96256K, used 20144K [0x0000000080000000, 0x0000000100000000)
  region size 1024K, 1 young (1024K), 1 survivors (1024K)
 Metaspace       used 21261K, committed 21504K, reserved 1114112K
  class space    used 2489K, committed 2624K, reserved 1048576K
}
Event: 3.677 GC heap before
{Heap before GC invocations=5 (full 0):
 garbage-first heap   total 75776K, used 60080K [0x0000000080000000, 0x0000000100000000)
  region size 1024K, 42 young (43008K), 1 survivors (1024K)
 Metaspace       used 27621K, committed 27840K, reserved 1114112K
  class space    used 3563K, committed 3648K, reserved 1048576K
}
Event: 3.681 GC heap after
{Heap after GC invocations=6 (full 0):
 garbage-first heap   total 75776K, used 21981K [0x0000000080000000, 0x0000000100000000)
  region size 1024K, 3 young (3072K), 3 survivors (3072K)
 Metaspace       used 27621K, committed 27840K, reserved 1114112K
  class space    used 3563K, committed 3648K, reserved 1048576K
}
Event: 4.262 GC heap before
{Heap before GC invocations=6 (full 0):
 garbage-first heap   total 75776K, used 55773K [0x0000000080000000, 0x0000000100000000)
  region size 1024K, 36 young (36864K), 3 survivors (3072K)
 Metaspace       used 32043K, committed 32384K, reserved 1114112K
  class space    used 4312K, committed 4480K, reserved 1048576K
}
Event: 4.266 GC heap after
{Heap after GC invocations=7 (full 0):
 garbage-first heap   total 75776K, used 23836K [0x0000000080000000, 0x0000000100000000)
  region size 1024K, 5 young (5120K), 5 survivors (5120K)
 Metaspace       used 32043K, committed 32384K, reserved 1114112K
  class space    used 4312K, committed 4480K, reserved 1048576K
}
Event: 4.633 GC heap before
{Heap before GC invocations=7 (full 0):
 garbage-first heap   total 75776K, used 50460K [0x0000000080000000, 0x0000000100000000)
  region size 1024K, 32 young (32768K), 5 survivors (5120K)
 Metaspace       used 35672K, committed 35968K, reserved 1114112K
  class space    used 4860K, committed 4992K, reserved 1048576K
}
Event: 4.638 GC heap after
{Heap after GC invocations=8 (full 0):
 garbage-first heap   total 75776K, used 25086K [0x0000000080000000, 0x0000000100000000)
  region size 1024K, 4 young (4096K), 4 survivors (4096K)
 Metaspace       used 35672K, committed 35968K, reserved 1114112K
  class space    used 4860K, committed 4992K, reserved 1048576K
}

